Evento: push
Fecha: Wed Jun 24 02:29:32 UTC 2026
Repo: EsmeMP/Example_Actions
Run: 1
↦↦↦↦↦↦↦↦↦↦↦↦↦↦↦↦↦↦↦↦↦↦↦↦↦↦↦↦↦↦↦↦↦↦↦↦↦↦↦↦↦↦↦↦↦
TIPO: PUSH ♞
Evento: push
Fecha: Wed Jun 24 02:33:27 UTC 2026
Repo: EsmeMP/Example_Actions
Run: 2
↦↦↦↦↦↦↦↦↦↦↦↦↦↦↦↦↦↦↦↦↦↦↦↦↦↦↦↦↦↦↦↦↦↦↦↦↦↦↦↦↦↦↦↦↦
TIPO: PUSH ♞
Evento: schedule
Fecha: Wed Jun 24 22:00:43 UTC 2026
Repo: EsmeMP/Example_Actions
Run: 3
↦↦↦↦↦↦↦↦↦↦↦↦↦↦↦↦↦↦↦↦↦↦↦↦↦↦↦↦↦↦↦↦↦↦↦↦↦↦↦↦↦↦↦↦↦
Evento: schedule
Fecha: Thu Jun 25 22:10:26 UTC 2026
Repo: EsmeMP/Example_Actions
Run: 4
↦↦↦↦↦↦↦↦↦↦↦↦↦↦↦↦↦↦↦↦↦↦↦↦↦↦↦↦↦↦↦↦↦↦↦↦↦↦↦↦↦↦↦↦↦
